Global .Rprofile loaded! (R version 4.1.2 (2021-11-01))
113 packages in personal lib '/home/ricardar/R/x86_64-pc-linux-gnu-library/4.1':
- askpass
- assertr
- brew
- brio
- bslib
- cachem
- checkmate
- cli
- commonmark
- corrplot
- countrycode
- cowplot
- cpp11
- credentials
- crosstalk
- curl
- cyclocomp
- data.table
- desc
- digest
- dotCall64
- downlit
- fansi
- fastmap
- fields
- filelock
- fontawesome
- Formula
- fs
- geometry
- gert
- ggplot2
- ggpubr
- ggrepel
- ggsci
- ggsignif
- gh
- glue
- gtable
- Hmisc
- hms
- htmlTable
- htmltools
- htmlwidgets
- httpuv
- httr
- httr2
- jsonlite
- knitr
- labeling
- later
- lifecycle
- lintr
- lpSolve
- lubridate
- maps
- mip
- openssl
- openxlsx
- pkgbuild
- pkgload
- plotly
- plyr
- polynom
- prettyunits
- processx
- profvis
- progress
- promises
- ps
- purrr
- qualV
- ragg
- Rcpp
- readr
- readxl
- rematch
- remind2
- remotes
- renv
- rlang
- rmarkdown
- rprojroot
- rstatix
- rstudioapi
- rworldmap
- sass
- scales
- shiny
- sourcetools
- sp
- spam
- stringi
- stringr
- sys
- systemfonts
- terra
- textshaping
- timechange
- tinytex
- tzdb
- usethis
- utf8
- vctrs
- viridis
- viridisLite
- vroom
- withr
- xfun
- xml2
- yaml
- zip
- zoo
see https://gitlab.pik-potsdam.de/rse/rsewiki/-/wikis/R-packages-on-the-cluster
Loading required package: usethis
ℹ Loading brick
Loading required package: madrat
Loading required package: magclass
This is my path: output/fastTestRun_2024-02-06_16.16.11 
 This is my brickDir: .
Error in `file()`:
! cannot open the connection
Backtrace:
    ▆
 1. └─brick::startModel(config = config, path = path, brickDir = brickDir)
 2.   └─brick:::readConfig(config, readDirect = TRUE) at brick/R/startModel.R:19:3
 3.     └─brick (local) readCfg(config) at brick/R/readConfig.R:35:5
 4.       └─yaml::read_yaml(file) at brick/R/readConfig.R:24:5
 5.         └─base::file(file, "rt", encoding = fileEncoding)
Warning message:
In file(file, "rt", encoding = fileEncoding) :
  cannot open file 'config/config.yaml': No such file or directory
Execution halted
